<?xml version="1.0" encoding="utf-8"?><testsuites name="pytest tests"><testsuite name="pytest" errors="0" failures="0" skipped="0" tests="41" time="3.004" timestamp="2026-07-27T22:21:57.057405+00:00" hostname="agent-env-422c17fa-18db-4f36-a1d0-149639ea6f36"><testcase classname="tests.test_depth_route.TestAuth" name="test_login_success" time="0.613" /><testcase classname="tests.test_depth_route.TestMockEndpoints" name="test_requires_auth[/dashboard-keys0]" time="0.140" /><testcase classname="tests.test_depth_route.TestMockEndpoints" name="test_requires_auth[/contacts-keys1]" time="0.064" /><testcase classname="tests.test_depth_route.TestMockEndpoints" name="test_requires_auth[/call-logs-keys2]" time="0.046" /><testcase classname="tests.test_depth_route.TestMockEndpoints" name="test_requires_auth[/voicemails-keys3]" time="0.041" /><testcase classname="tests.test_depth_route.TestMockEndpoints" name="test_requires_auth[/sms-keys4]" time="0.043" /><testcase classname="tests.test_depth_route.TestMockEndpoints" name="test_requires_auth[/recordings-keys5]" time="0.044" /><testcase classname="tests.test_depth_route.TestMockEndpoints" name="test_requires_auth[/sip-accounts-keys6]" time="0.231" /><testcase classname="tests.test_depth_route.TestAuth" name="test_login_wrong_password" time="0.310" /><testcase classname="tests.test_depth_route.TestMockEndpoints" name="test_requires_auth[/extensions-keys7]" time="0.043" /><testcase classname="tests.test_depth_route.TestMockEndpoints" name="test_requires_auth[/numbers-keys8]" time="0.226" /><testcase classname="tests.test_depth_route.TestMockEndpoints" name="test_requires_auth[/ivr-keys9]" time="0.087" /><testcase classname="tests.test_depth_route.TestAuth" name="test_login_nonexistent_user" time="0.048" /><testcase classname="tests.test_depth_route.TestMockEndpoints" name="test_requires_auth[/plans-keys10]" time="0.043" /><testcase classname="tests.test_depth_route.TestAuth" name="test_register_success" time="0.359" /><testcase classname="tests.test_depth_route.TestMockEndpoints" name="test_requires_auth[/billing-keys11]" time="0.226" /><testcase classname="tests.test_depth_route.TestMockEndpoints" name="test_requires_auth[/reports-keys12]" time="0.087" /><testcase classname="tests.test_depth_route.TestMockEndpoints" name="test_requires_auth[/notifications-keys13]" time="0.043" /><testcase classname="tests.test_depth_route.TestAuth" name="test_register_duplicate" time="0.091" /><testcase classname="tests.test_depth_route.TestMockEndpoints" name="test_requires_auth[/support-keys14]" time="0.046" /><testcase classname="tests.test_depth_route.TestMockEndpoints" name="test_requires_auth[/profile-keys15]" time="0.048" /><testcase classname="tests.test_depth_route.TestAuth" name="test_me_with_token" time="0.501" /><testcase classname="tests.test_depth_route.TestMockEndpoints" name="test_returns_expected_shape[/dashboard-keys0]" time="0.499" /><testcase classname="tests.test_depth_route.TestAuth" name="test_me_without_token" time="0.091" /><testcase classname="tests.test_depth_route.TestMockEndpoints" name="test_returns_expected_shape[/contacts-keys1]" time="0.046" /><testcase classname="tests.test_depth_route.TestMockEndpoints" name="test_returns_expected_shape[/call-logs-keys2]" time="0.042" /><testcase classname="tests.test_depth_route.TestAuth" name="test_me_bad_token" time="0.043" /><testcase classname="tests.test_depth_route.TestMockEndpoints" name="test_returns_expected_shape[/voicemails-keys3]" time="0.083" /><testcase classname="tests.test_depth_route.TestAuth" name="test_logout" time="0.045" /><testcase classname="tests.test_depth_route.TestMockEndpoints" name="test_returns_expected_shape[/sms-keys4]" time="0.045" /><testcase classname="tests.test_depth_route.TestMockEndpoints" name="test_returns_expected_shape[/recordings-keys5]" time="0.044" /><testcase classname="tests.test_depth_route.TestMockEndpoints" name="test_returns_expected_shape[/sip-accounts-keys6]" time="0.045" /><testcase classname="tests.test_depth_route.TestMockEndpoints" name="test_returns_expected_shape[/extensions-keys7]" time="0.046" /><testcase classname="tests.test_depth_route.TestMockEndpoints" name="test_returns_expected_shape[/numbers-keys8]" time="0.046" /><testcase classname="tests.test_depth_route.TestMockEndpoints" name="test_returns_expected_shape[/ivr-keys9]" time="0.044" /><testcase classname="tests.test_depth_route.TestMockEndpoints" name="test_returns_expected_shape[/plans-keys10]" time="0.045" /><testcase classname="tests.test_depth_route.TestMockEndpoints" name="test_returns_expected_shape[/billing-keys11]" time="0.056" /><testcase classname="tests.test_depth_route.TestMockEndpoints" name="test_returns_expected_shape[/reports-keys12]" time="0.044" /><testcase classname="tests.test_depth_route.TestMockEndpoints" name="test_returns_expected_shape[/notifications-keys13]" time="0.045" /><testcase classname="tests.test_depth_route.TestMockEndpoints" name="test_returns_expected_shape[/support-keys14]" time="0.045" /><testcase classname="tests.test_depth_route.TestMockEndpoints" name="test_returns_expected_shape[/profile-keys15]" time="0.045" /></testsuite></testsuites>